<?xml version="1.0" encoding="UTF-8"?>
<!-- Generated by org.testng.reporters.JUnitReportReporter -->
<testsuite hostname="LAPTOP-HHGHPA21" failures="0" tests="1" name="basicTest.myClassesTest" time="0.016" errors="0" timestamp="2021-12-26T00:51:17 EST" skipped="0">
  <testcase classname="basicTest.myClassesTest" name="testMyMethod" time="0.016"/>
  <system-out/>
</testsuite> <!-- basicTest.myClassesTest -->
